<?xml version="1.0" encoding="UTF-8"?>
<!-- Generated by org.testng.reporters.JUnitXMLReporter -->
<testsuite hostname="XSHD--20161124D" ignored="0" name="ChromeTest" tests="2" failures="2" timestamp="11 六月 2018 13:45:26 GMT" time="0.101" errors="0">
  <testcase name="@AfterClass afterTest" time="0.0" classname="com.automation.frame.TestSeleniumGridByTestNGParameter">
    <failure type="java.lang.NullPointerException">
      <![CDATA[java.lang.NullPointerException
	at com.automation.frame.TestSeleniumGridByTestNGParameter.afterTest(TestSeleniumGridByTestNGParameter.java:52)
	at java.util.concurrent.FutureTask.run(Unknown Source)
	at java.util.concurrent.ThreadPoolExecutor.runWorker(Unknown Source)
	at java.util.concurrent.ThreadPoolExecutor$Worker.run(Unknown Source)
	at java.lang.Thread.run(Unknown Source)
... Removed 16 stack frames]]>
    </failure>
  </testcase> <!-- @AfterClass afterTest -->
  <testcase name="testSogouSearch1" time="0.03" classname="com.automation.frame.TestSeleniumGridByTestNGParameter">
    <failure type="java.lang.NullPointerException">
      <![CDATA[java.lang.NullPointerException
	at com.automation.frame.TestSeleniumGridByTestNGParameter.testSogouSearch1(TestSeleniumGridByTestNGParameter.java:34)
	at java.util.concurrent.FutureTask.run(Unknown Source)
	at java.util.concurrent.ThreadPoolExecutor.runWorker(Unknown Source)
	at java.util.concurrent.ThreadPoolExecutor$Worker.run(Unknown Source)
	at java.lang.Thread.run(Unknown Source)
... Removed 16 stack frames]]>
    </failure>
  </testcase> <!-- testSogouSearch1 -->
  <testcase name="testSogouSearch2" time="0.002" classname="com.automation.frame.TestSeleniumGridByTestNGParameter">
    <failure type="java.lang.NullPointerException">
      <![CDATA[java.lang.NullPointerException
	at com.automation.frame.TestSeleniumGridByTestNGParameter.testSogouSearch2(TestSeleniumGridByTestNGParameter.java:43)
	at java.util.concurrent.FutureTask.run(Unknown Source)
	at java.util.concurrent.ThreadPoolExecutor.runWorker(Unknown Source)
	at java.util.concurrent.ThreadPoolExecutor$Worker.run(Unknown Source)
	at java.lang.Thread.run(Unknown Source)
... Removed 16 stack frames]]>
    </failure>
  </testcase> <!-- testSogouSearch2 -->
</testsuite> <!-- ChromeTest -->
