<?xml version="1.0" encoding="UTF-8"?>
<!-- Generated by org.testng.reporters.JUnitXMLReporter -->
<testsuite hostname="XSHD--20161124D" ignored="0" name="Grouping" tests="5" failures="0" timestamp="29 五月 2018 08:04:56 GMT" time="0.075" errors="0">
  <testcase name="cat" time="0.017" classname="seleniumAutomation.Grouping"/>
  <testcase name="dog" time="0.002" classname="seleniumAutomation.Grouping"/>
  <testcase name="feeder" time="0.002" classname="seleniumAutomation.Grouping"/>
  <testcase name="student" time="0.004" classname="seleniumAutomation.Grouping"/>
  <testcase name="teacher" time="0.001" classname="seleniumAutomation.Grouping"/>
</testsuite> <!-- Grouping -->
