<?xml version="1.0" encoding="UTF-8"?>
<!-- Generated by org.testng.reporters.JUnitXMLReporter -->
<testsuite hostname="XSHD--20161124D" ignored="0" name="Test" tests="2" failures="0" timestamp="11 六月 2018 13:01:46 GMT" time="74.235" errors="0">
  <testcase name="testSogouSearch1" time="11.477" classname="com.automation.frame.TestSeleniumGridMutiBrowser"/>
  <testcase name="testSogouSearch2" time="62.718" classname="com.automation.frame.TestSeleniumGridMutiBrowser"/>
</testsuite> <!-- Test -->
