<?xml version="1.0" encoding="UTF-8"?>
<!-- Generated by org.testng.reporters.JUnitXMLReporter -->
<testsuite hostname="XSHD--20161124D" ignored="0" name="test1" tests="3" failures="0" timestamp="29 五月 2018 07:33:15 GMT" time="9.98" errors="0">
  <testcase name="testSearch" time="3.475" classname="seleniumAutomation.FirstTestNGDemo"/>
  <testcase name="f1" time="0.0" classname="seleniumAutomation.Annotation"/>
  <testcase name="f2" time="0.0" classname="seleniumAutomation.Annotation"/>
</testsuite> <!-- test1 -->
