<?xml version="1.0" encoding="UTF-8"?>
<testng-results skipped="0" failed="0" ignored="0" total="1" passed="1">
  <reporter-output>
  </reporter-output>
  <suite name="Default suite" duration-ms="1212" started-at="2018-06-17T03:09:13Z" finished-at="2018-06-17T03:09:15Z">
    <groups>
    </groups>
    <test name="Default test" duration-ms="1212" started-at="2018-06-17T03:09:13Z" finished-at="2018-06-17T03:09:15Z">
      <class name="keyWordsFrameWork.gloryroad.testScripts.TestSuiteByExcel">
        <test-method status="PASS" signature="beforeMethod()[pri:0, instance:keyWordsFrameWork.gloryroad.testScripts.TestSuiteByExcel@724af044]" name="beforeMethod" is-config="true" duration-ms="270" started-at="2018-06-17T11:09:14Z" finished-at="2018-06-17T11:09:14Z">
          <reporter-output>
          </reporter-output>
        </test-method> <!-- beforeMethod -->
        <test-method status="PASS" signature="testTestSuite()[pri:0, instance:keyWordsFrameWork.gloryroad.testScripts.TestSuiteByExcel@724af044]" name="testTestSuite" duration-ms="912" started-at="2018-06-17T11:09:14Z" finished-at="2018-06-17T11:09:15Z">
          <reporter-output>
          </reporter-output>
        </test-method> <!-- testTestSuite -->
        <test-method status="PASS" signature="afterMethod()[pri:0, instance:keyWordsFrameWork.gloryroad.testScripts.TestSuiteByExcel@724af044]" name="afterMethod" is-config="true" duration-ms="0" started-at="2018-06-17T11:09:15Z" finished-at="2018-06-17T11:09:15Z">
          <reporter-output>
          </reporter-output>
        </test-method> <!-- afterMethod -->
      </class> <!-- keyWordsFrameWork.gloryroad.testScripts.TestSuiteByExcel -->
    </test> <!-- Default test -->
  </suite> <!-- Default suite -->
</testng-results>
